TN:
SF:src\middleware.ts
FN:8,middleware
FNF:1
FNH:1
FNDA:4,middleware
DA:1,1
DA:8,1
DA:9,4
DA:10,4
DA:12,4
DA:13,2
DA:14,2
DA:15,2
DA:16,2
DA:18,2
DA:19,2
DA:21,1
DA:22,1
DA:23,1
DA:24,1
DA:25,1
DA:26,1
DA:27,1
DA:28,1
DA:29,1
DA:30,1
DA:31,1
DA:32,1
DA:33,1
DA:34,1
DA:35,1
DA:36,1
DA:37,1
DA:38,1
DA:39,1
DA:40,1
DA:41,1
DA:42,1
LF:33
LH:33
BRDA:8,0,0,4
BRDA:9,1,0,1
BRDA:10,2,0,1
BRDA:12,3,0,3
BRDA:12,4,0,2
BRF:5
BRH:5
end_of_record
TN:
SF:src\components\auth-guard.tsx
FN:12,AuthGuard
FNF:1
FNH:1
FNDA:3,AuthGuard
DA:3,1
DA:4,1
DA:5,1
DA:6,1
DA:12,1
DA:13,3
DA:14,3
DA:15,3
DA:17,3
DA:18,3
DA:19,3
DA:21,3
DA:22,3
DA:23,3
DA:24,1
DA:25,1
DA:26,1
DA:27,3
DA:29,3
DA:30,1
DA:31,1
DA:32,1
DA:33,1
DA:35,1
DA:36,1
DA:38,1
DA:40,3
DA:41,1
DA:42,1
DA:44,1
DA:45,1
DA:46,1
DA:47,1
DA:48,1
DA:49,1
DA:52,1
DA:53,1
DA:55,1
LF:38
LH:38
BRDA:12,0,0,3
BRDA:29,1,0,1
BRDA:38,2,0,2
BRDA:40,3,0,1
BRDA:17,4,0,3
BRDA:21,5,0,3
BRDA:22,6,0,1
BRDA:22,7,0,2
BRDA:23,8,0,1
BRDA:24,9,0,0
BRF:10
BRH:9
end_of_record
TN:
SF:src\components\grounding-attribution.tsx
FN:26,chunkSupportsSentence
FN:38,GroundingAttributionPanel
FN:133,onMouseEnter
FN:134,onMouseLeave
FN:135,onFocus
FN:136,onBlur
FN:137,onClick
FN:225,ref
FNF:8
FNH:4
FNDA:6,chunkSupportsSentence
FNDA:4,GroundingAttributionPanel
FNDA:1,onMouseEnter
FNDA:0,onMouseLeave
FNDA:0,onFocus
FNDA:0,onBlur
FNDA:0,onClick
FNDA:12,ref
DA:3,1
DA:4,1
DA:24,1
DA:26,6
DA:27,6
DA:28,6
DA:29,6
DA:30,6
DA:31,2
DA:32,6
DA:33,6
DA:38,1
DA:39,4
DA:40,4
DA:41,4
DA:42,4
DA:43,4
DA:44,4
DA:50,4
DA:51,4
DA:52,4
DA:53,4
DA:55,4
DA:56,4
DA:57,4
DA:58,1
DA:59,3
DA:60,4
DA:61,1
DA:62,3
DA:64,4
DA:65,1
DA:66,1
DA:67,1
DA:68,4
DA:70,4
DA:71,4
DA:72,4
DA:74,4
DA:75,4
DA:76,4
DA:77,4
DA:79,4
DA:80,1
DA:81,1
DA:82,1
DA:83,1
DA:84,1
DA:85,1
DA:86,1
DA:88,1
DA:89,1
DA:91,1
DA:93,3
DA:94,3
DA:95,3
DA:96,3
DA:97,3
DA:98,3
DA:100,3
DA:101,3
DA:102,3
DA:103,3
DA:104,3
DA:105,4
DA:106,4
DA:107,4
DA:108,1
DA:109,1
DA:110,1
DA:111,1
DA:113,1
DA:114,1
DA:116,4
DA:117,4
DA:119,4
DA:121,4
DA:122,4
DA:124,4
DA:125,4
DA:126,4
DA:127,6
DA:128,6
DA:129,6
DA:130,6
DA:131,6
DA:132,6
DA:133,6
DA:134,6
DA:135,6
DA:136,6
DA:137,6
DA:138,0
DA:139,0
DA:140,0
DA:142,6
DA:143,6
DA:144,3
DA:145,3
DA:146,6
DA:147,6
DA:148,1
DA:149,5
DA:150,6
DA:151,6
DA:152,6
DA:153,6
DA:156,6
DA:157,6
DA:158,6
DA:159,6
DA:161,6
DA:162,6
DA:163,6
DA:164,6
DA:165,3
DA:166,3
DA:167,3
DA:171,6
DA:172,1
DA:173,1
DA:174,1
DA:175,1
DA:177,1
DA:178,1
DA:179,1
DA:180,1
DA:181,1
DA:182,1
DA:183,0
DA:184,1
DA:185,1
DA:186,1
DA:187,1
DA:188,1
DA:189,1
DA:190,0
DA:191,0
DA:193,0
DA:195,0
DA:197,0
DA:199,1
DA:201,6
DA:203,4
DA:204,4
DA:205,4
DA:206,4
DA:207,4
DA:208,4
DA:209,4
DA:212,4
DA:213,4
DA:214,4
DA:215,4
DA:216,4
DA:217,4
DA:218,0
DA:220,3
DA:221,6
DA:222,6
DA:223,6
DA:224,6
DA:225,6
DA:226,12
DA:227,12
DA:228,12
DA:229,6
DA:230,6
DA:231,6
DA:232,6
DA:233,1
DA:234,5
DA:235,2
DA:236,3
DA:237,6
DA:239,6
DA:240,6
DA:241,6
DA:242,6
DA:243,6
DA:244,1
DA:246,1
DA:248,6
DA:249,2
DA:251,2
DA:253,6
DA:254,3
DA:255,3
DA:256,3
DA:258,6
DA:259,0
DA:260,0
DA:261,0
DA:263,6
DA:264,6
DA:265,6
DA:266,6
DA:267,6
DA:269,6
DA:270,6
DA:271,6
DA:272,6
DA:273,6
DA:274,6
DA:276,3
DA:278,4
DA:279,4
DA:280,4
DA:281,4
DA:283,4
LF:210
LH:197
BRDA:26,0,0,6
BRDA:30,1,0,2
BRDA:30,2,0,4
BRDA:30,3,0,2
BRDA:32,4,0,1
BRDA:38,5,0,4
BRDA:57,6,0,1
BRDA:58,7,0,0
BRDA:58,8,0,3
BRDA:60,9,0,1
BRDA:61,10,0,3
BRDA:79,11,0,1
BRDA:84,12,0,0
BRDA:91,13,0,3
BRDA:105,14,0,1
BRDA:105,15,0,2
BRDA:107,16,0,1
BRDA:110,17,0,0
BRDA:113,18,0,0
BRDA:217,19,0,0
BRDA:218,20,0,3
BRDA:58,21,0,1
BRDA:64,22,0,1
BRDA:65,23,0,0
BRDA:66,24,0,0
BRDA:70,25,0,4
BRDA:71,26,0,1
BRDA:75,27,0,3
BRDA:75,28,0,4
BRDA:126,29,0,6
BRDA:143,30,0,3
BRDA:144,31,0,3
BRDA:147,32,0,1
BRDA:148,33,0,5
BRDA:153,34,0,1
BRDA:153,35,0,1
BRDA:153,36,0,5
BRDA:158,37,0,3
BRDA:158,38,0,3
BRDA:161,39,0,3
BRDA:161,40,0,3
BRDA:164,41,0,3
BRDA:171,42,0,1
BRDA:180,43,0,0
BRDA:182,44,0,0
BRDA:189,45,0,0
BRDA:133,46,0,1
BRDA:220,47,0,6
BRDA:230,48,0,1
BRDA:230,49,0,5
BRDA:232,50,0,1
BRDA:233,51,0,5
BRDA:234,52,0,2
BRDA:235,53,0,3
BRDA:241,54,0,0
BRDA:243,55,0,1
BRDA:248,56,0,3
BRDA:248,57,0,2
BRDA:253,58,0,3
BRDA:258,59,0,0
BRDA:266,60,0,1
BRDA:266,61,0,5
BRDA:225,62,0,12
BRF:63
BRH:51
end_of_record
TN:
SF:src\components\theme-provider.tsx
FN:23,applyThemeClass
FN:30,ThemeProvider
FN:64,useTheme
FNF:3
FNH:3
FNDA:3,applyThemeClass
FNDA:5,ThemeProvider
FNDA:8,useTheme
DA:3,1
DA:20,1
DA:21,1
DA:23,3
DA:24,3
DA:25,3
DA:26,3
DA:27,3
DA:28,3
DA:30,1
DA:31,5
DA:32,5
DA:34,5
DA:35,2
DA:36,2
DA:37,2
DA:38,2
DA:39,2
DA:40,5
DA:42,5
DA:43,1
DA:44,1
DA:45,1
DA:46,5
DA:48,5
DA:49,1
DA:50,5
DA:53,5
DA:54,2
DA:55,2
DA:57,3
DA:58,3
DA:59,3
DA:60,3
DA:62,3
DA:64,1
DA:65,8
DA:66,8
DA:67,8
DA:68,8
LF:40
LH:40
BRDA:23,0,0,3
BRDA:30,1,0,5
BRDA:53,2,0,2
BRDA:55,3,0,3
BRDA:34,4,0,2
BRDA:36,5,0,1
BRDA:36,6,0,1
BRDA:36,7,0,1
BRDA:42,8,0,1
BRDA:48,9,0,1
BRDA:49,10,0,0
BRDA:64,11,0,8
BRDA:66,12,0,0
BRF:13
BRH:11
end_of_record
TN:
SF:src\components\theme-toggle.tsx
FN:7,ThemeToggle
FNF:1
FNH:1
FNDA:3,ThemeToggle
DA:3,1
DA:4,1
DA:5,1
DA:7,1
DA:8,3
DA:9,3
DA:10,3
DA:11,3
DA:12,3
DA:13,3
DA:14,3
DA:15,3
DA:16,3
DA:17,3
DA:18,3
DA:19,3
DA:21,3
DA:22,3
DA:24,3
LF:19
LH:19
BRDA:7,0,0,3
BRDA:9,1,0,2
BRDA:9,2,0,1
BRDA:21,3,0,2
BRDA:21,4,0,1
BRF:5
BRH:5
end_of_record
TN:
SF:src\components\trust-score-gauge.tsx
FN:6,TrustScoreGauge
FNF:1
FNH:1
FNDA:3,TrustScoreGauge
DA:3,1
DA:6,1
DA:7,3
DA:8,3
DA:9,3
DA:10,2
DA:11,1
DA:12,0
DA:13,1
DA:15,3
DA:16,3
DA:17,3
DA:18,3
DA:20,3
DA:21,3
DA:22,3
DA:23,3
DA:24,3
DA:25,3
DA:26,3
DA:27,3
DA:28,3
DA:29,3
DA:30,3
DA:31,3
DA:32,3
DA:33,3
DA:34,3
DA:35,3
DA:36,3
DA:37,3
DA:38,3
DA:40,3
DA:41,3
DA:42,3
DA:43,3
DA:44,3
DA:45,2
DA:46,1
DA:47,0
DA:48,1
DA:49,3
DA:50,3
DA:51,3
DA:53,3
LF:45
LH:43
BRDA:6,0,0,3
BRDA:7,1,0,2
BRDA:7,2,0,1
BRDA:7,3,0,0
BRDA:9,4,0,2
BRDA:10,5,0,1
BRDA:11,6,0,0
BRDA:44,7,0,2
BRDA:45,8,0,1
BRDA:46,9,0,0
BRF:10
BRH:7
end_of_record
TN:
SF:src\components\ui\stat-card.tsx
FN:21,StatCard
FNF:1
FNH:1
FNDA:1,StatCard
DA:3,1
DA:5,1
DA:6,1
DA:21,1
DA:22,1
DA:23,1
DA:24,1
DA:25,1
DA:26,1
DA:27,1
DA:28,1
DA:29,1
DA:30,1
DA:31,1
DA:32,1
DA:33,1
DA:35,1
DA:36,1
DA:37,1
DA:38,1
DA:39,1
DA:40,1
DA:41,1
DA:42,1
DA:43,1
DA:44,1
DA:45,1
DA:46,1
DA:48,1
DA:49,1
DA:51,1
DA:52,1
DA:53,1
DA:54,1
DA:55,1
DA:56,1
DA:57,1
DA:58,1
DA:59,1
DA:60,1
DA:62,1
DA:63,1
DA:64,1
DA:65,1
DA:67,1
DA:68,1
DA:69,1
DA:71,1
LF:48
LH:48
BRDA:21,0,0,1
BRDA:31,1,0,0
BRDA:33,2,0,0
BRDA:33,3,0,0
BRDA:58,4,0,0
BRDA:62,5,0,0
BRDA:63,6,0,0
BRDA:68,7,0,0
BRF:8
BRH:1
end_of_record
TN:
SF:src\lib\errors.ts
FN:4,getApiErrorMessage
FNF:1
FNH:1
FNDA:4,getApiErrorMessage
DA:4,1
DA:5,4
DA:6,3
DA:7,4
DA:8,4
DA:9,4
DA:10,1
DA:11,1
DA:12,1
DA:13,4
DA:14,4
DA:15,4
DA:16,4
DA:17,0
DA:18,0
DA:19,1
DA:20,0
DA:21,0
LF:18
LH:14
BRDA:4,0,0,4
BRDA:5,1,0,3
BRDA:5,2,0,1
BRDA:5,3,0,3
BRDA:7,4,0,2
BRDA:8,5,0,1
BRDA:8,6,0,1
BRDA:8,7,0,2
BRDA:9,8,0,1
BRDA:9,9,0,1
BRDA:11,10,0,0
BRDA:13,11,0,0
BRDA:13,12,0,0
BRDA:13,13,0,1
BRDA:14,14,0,0
BRDA:14,15,0,0
BRDA:14,16,0,1
BRDA:15,17,0,0
BRDA:15,18,0,0
BRDA:15,19,0,1
BRDA:16,20,0,0
BRDA:16,21,0,0
BRDA:16,22,0,0
BRDA:18,23,0,1
BRDA:19,24,0,0
BRF:25
BRH:14
end_of_record
TN:
SF:src\lib\grounding.ts
FN:14,resolveSupportingChunk
FNF:1
FNH:1
FNDA:12,resolveSupportingChunk
DA:14,1
DA:15,12
DA:16,12
DA:17,12
DA:18,12
DA:19,7
DA:20,7
DA:21,7
LF:8
LH:8
BRDA:14,0,0,12
BRDA:18,1,0,5
BRDA:18,2,0,7
BRDA:20,3,0,9
BRDA:20,4,0,4
BRF:5
BRH:5
end_of_record
TN:
SF:src\lib\utils.ts
FN:4,cn
FNF:1
FNH:1
FNDA:8,cn
DA:1,1
DA:2,1
DA:4,1
DA:5,8
DA:6,8
LF:5
LH:5
BRDA:4,0,0,8
BRF:1
BRH:1
end_of_record
